<?xml version="1.0" encoding="UTF-8"?>
<!-- Generated by org.testng.reporters.JUnitXMLReporter -->
<testsuite ignored="0" hostname="DESKTOP-9R1L9IU" failures="0" tests="6" name="Test" time="0.135" errors="0" timestamp="2025-07-30T09:40:42 IST">
  <testcase classname="test.day1" name="demo" time="0.014"/>
  <testcase classname="test.day1" name="demo2" time="0.005"/>
  <testcase classname="test.day2" name="country" time="0.002"/>
  <testcase classname="test.day4" name="LoginAPIHomeLoan" time="0.003"/>
  <testcase classname="test.day4" name="MobileLoginHomeLoan" time="0.005"/>
  <testcase classname="test.day4" name="WebloginHomeLoan" time="0.004"/>
</testsuite> <!-- Test -->
