<?xml version="1.0" encoding="UTF-8"?>
<!-- Generated by org.testng.reporters.JUnitXMLReporter -->
<testsuite ignored="1" hostname="DESKTOP-9R1L9IU" failures="0" tests="4" name="Car loan" time="0.199" errors="0" timestamp="2025-09-15T16:40:39 IST">
  <testcase classname="test.day3" name="MobileLoginCarLoan" time="0.009"/>
  <testcase classname="test.day3" name="MobileSignOutCarLoan" time="0.003"/>
  <testcase classname="test.day3" name="MobileSigninCarLoan" time="0.002"/>
  <testcase classname="test.day3" name="WebloginCarLoan" time="0.003"/>
  <testcase classname="test.day3" name="LoginAPICarLoan" time="0.0">
    <ignored/>
  </testcase> <!-- LoginAPICarLoan -->
</testsuite> <!-- Car loan -->
