<?xml version="1.0" encoding="UTF-8"?>
<!-- Generated by org.testng.reporters.JUnitXMLReporter -->
<testsuite ignored="0" hostname="DESKTOP-9R1L9IU" failures="0" tests="3" name="Home loan" time="0.096" errors="0" timestamp="2025-08-22T10:24:22 IST">
  <testcase classname="test.day4" name="LoginAPIHomeLoan" time="0.012"/>
  <testcase classname="test.day4" name="MobileLoginHomeLoan" time="0.003"/>
  <testcase classname="test.day4" name="WebloginHomeLoan" time="0.005"/>
</testsuite> <!-- Home loan -->
