<?xml version="1.0" encoding="UTF-8"?>
<!-- Generated by org.testng.reporters.JUnitXMLReporter -->
<testsuite ignored="7" hostname="DESKTOP-9R1L9IU" failures="0" tests="4" name="Smoke" time="0.162" errors="0" timestamp="2025-08-25T09:00:01 IST">
  <testcase classname="test.day1" name="demo" time="0.021"/>
  <testcase classname="test.day4" name="LoginAPIHomeLoan" time="0.004"/>
  <testcase classname="test.day3" name="LoginAPICarLoan" time="0.003"/>
  <testcase classname="test.day3" name="MobileLoginCarLoan" time="0.003"/>
  <testcase classname="test.day2" name="good" time="0.0">
    <ignored/>
  </testcase> <!-- good -->
  <testcase classname="test.day4" name="MobileLoginHomeLoan" time="0.0">
    <ignored/>
  </testcase> <!-- MobileLoginHomeLoan -->
  <testcase classname="test.day4" name="WebloginHomeLoan" time="0.0">
    <ignored/>
  </testcase> <!-- WebloginHomeLoan -->
  <testcase classname="test.day3" name="MobileSigninCarLoan" time="0.0">
    <ignored/>
  </testcase> <!-- MobileSigninCarLoan -->
  <testcase classname="test.day3" name="MobileSignOutCarLoan" time="0.0">
    <ignored/>
  </testcase> <!-- MobileSignOutCarLoan -->
  <testcase classname="test.day3" name="WebloginCarLoan" time="0.0">
    <ignored/>
  </testcase> <!-- WebloginCarLoan -->
  <testcase classname="test.day1" name="demo2" time="0.0">
    <ignored/>
  </testcase> <!-- demo2 -->
</testsuite> <!-- Smoke -->
