<?xml version="1.0" encoding="UTF-8"?>
<testng-results ignored="0" total="9" passed="8" failed="1" skipped="0">
  <reporter-output>
  </reporter-output>
  <suite started-at="2025-09-15T16:40:39 IST" name="Load department" finished-at="2025-09-15T16:40:39 IST" duration-ms="208">
    <groups>
      <group name="Smoke">
        <method signature="day1.demo()[pri:0, instance:test.day1@55a147cc]" name="demo" class="test.day1"/>
        <method signature="day4.LoginAPIHomeLoan()[pri:0, instance:test.day4@2892d68]" name="LoginAPIHomeLoan" class="test.day4"/>
        <method signature="day3.MobileLoginCarLoan()[pri:0, instance:test.day3@5b218417]" name="MobileLoginCarLoan" class="test.day3"/>
      </group> <!-- Smoke -->
    </groups>
    <test started-at="2025-09-15T16:40:39 IST" name="Car loan" finished-at="2025-09-15T16:40:39 IST" duration-ms="199">
      <class name="test.day3">
        <test-method is-config="true" signature="BFsuite()[pri:0, instance:test.day3@5b218417]" started-at="2025-09-15T16:40:39 IST" name="BFsuite" finished-at="2025-09-15T16:40:39 IST" duration-ms="29" status="PASS">
          <reporter-output>
          </reporter-output>
        </test-method> <!-- BFsuite -->
        <test-method is-config="true" signature="beforeclass()[pri:0, instance:test.day3@5b218417]" started-at="2025-09-15T16:40:39 IST" name="beforeclass" finished-at="2025-09-15T16:40:39 IST" duration-ms="1" status="PASS">
          <reporter-output>
          </reporter-output>
        </test-method> <!-- beforeclass -->
        <test-method is-config="true" signature="beforeEvery()[pri:0, instance:test.day3@5b218417]" started-at="2025-09-15T16:40:39 IST" name="beforeEvery" finished-at="2025-09-15T16:40:39 IST" duration-ms="1" status="PASS">
          <reporter-output>
          </reporter-output>
        </test-method> <!-- beforeEvery -->
        <test-method signature="MobileLoginCarLoan()[pri:0, instance:test.day3@5b218417]" started-at="2025-09-15T16:40:39 IST" name="MobileLoginCarLoan" finished-at="2025-09-15T16:40:39 IST" duration-ms="9" status="PASS">
          <reporter-output>
          </reporter-output>
        </test-method> <!-- MobileLoginCarLoan -->
        <test-method is-config="true" signature="AfterEvery()[pri:0, instance:test.day3@5b218417]" started-at="2025-09-15T16:40:39 IST" name="AfterEvery" finished-at="2025-09-15T16:40:39 IST" duration-ms="1" status="PASS">
          <reporter-output>
          </reporter-output>
        </test-method> <!-- AfterEvery -->
        <test-method is-config="true" signature="beforeEvery()[pri:0, instance:test.day3@5b218417]" started-at="2025-09-15T16:40:39 IST" name="beforeEvery" finished-at="2025-09-15T16:40:39 IST" duration-ms="1" status="PASS">
          <reporter-output>
          </reporter-output>
        </test-method> <!-- beforeEvery -->
        <test-method signature="MobileSignOutCarLoan()[pri:0, instance:test.day3@5b218417]" started-at="2025-09-15T16:40:39 IST" name="MobileSignOutCarLoan" finished-at="2025-09-15T16:40:39 IST" duration-ms="3" status="PASS">
          <reporter-output>
          </reporter-output>
        </test-method> <!-- MobileSignOutCarLoan -->
        <test-method is-config="true" signature="AfterEvery()[pri:0, instance:test.day3@5b218417]" started-at="2025-09-15T16:40:39 IST" name="AfterEvery" finished-at="2025-09-15T16:40:39 IST" duration-ms="1" status="PASS">
          <reporter-output>
          </reporter-output>
        </test-method> <!-- AfterEvery -->
        <test-method is-config="true" signature="beforeEvery()[pri:0, instance:test.day3@5b218417]" started-at="2025-09-15T16:40:39 IST" name="beforeEvery" finished-at="2025-09-15T16:40:39 IST" duration-ms="0" status="PASS">
          <reporter-output>
          </reporter-output>
        </test-method> <!-- beforeEvery -->
        <test-method signature="MobileSigninCarLoan()[pri:0, instance:test.day3@5b218417]" started-at="2025-09-15T16:40:39 IST" name="MobileSigninCarLoan" finished-at="2025-09-15T16:40:39 IST" duration-ms="2" status="PASS">
          <reporter-output>
          </reporter-output>
        </test-method> <!-- MobileSigninCarLoan -->
        <test-method is-config="true" signature="AfterEvery()[pri:0, instance:test.day3@5b218417]" started-at="2025-09-15T16:40:39 IST" name="AfterEvery" finished-at="2025-09-15T16:40:39 IST" duration-ms="0" status="PASS">
          <reporter-output>
          </reporter-output>
        </test-method> <!-- AfterEvery -->
        <test-method is-config="true" signature="beforeEvery()[pri:0, instance:test.day3@5b218417]" started-at="2025-09-15T16:40:39 IST" name="beforeEvery" finished-at="2025-09-15T16:40:39 IST" duration-ms="0" status="PASS">
          <reporter-output>
          </reporter-output>
        </test-method> <!-- beforeEvery -->
        <test-method signature="WebloginCarLoan(java.lang.String)[pri:0, instance:test.day3@5b218417]" started-at="2025-09-15T16:40:39 IST" name="WebloginCarLoan" finished-at="2025-09-15T16:40:39 IST" duration-ms="3" status="PASS">
          <params>
            <param index="0">
              <value>
                <![CDATA[carloan.com]]>
              </value>
            </param>
          </params>
          <reporter-output>
          </reporter-output>
        </test-method> <!-- WebloginCarLoan -->
        <test-method is-config="true" signature="AfterEvery()[pri:0, instance:test.day3@5b218417]" started-at="2025-09-15T16:40:39 IST" name="AfterEvery" finished-at="2025-09-15T16:40:39 IST" duration-ms="0" status="PASS">
          <reporter-output>
          </reporter-output>
        </test-method> <!-- AfterEvery -->
        <test-method is-config="true" signature="Afterclass()[pri:0, instance:test.day3@5b218417]" started-at="2025-09-15T16:40:39 IST" name="Afterclass" finished-at="2025-09-15T16:40:39 IST" duration-ms="2" status="PASS">
          <reporter-output>
          </reporter-output>
        </test-method> <!-- Afterclass -->
      </class> <!-- test.day3 -->
      <class name="test.day1">
        <test-method is-config="true" signature="AFsuite()[pri:0, instance:test.day1@55a147cc]" started-at="2025-09-15T16:40:40 IST" name="AFsuite" finished-at="2025-09-15T16:40:40 IST" duration-ms="1" status="PASS">
          <reporter-output>
          </reporter-output>
        </test-method> <!-- AFsuite -->
      </class> <!-- test.day1 -->
    </test> <!-- Car loan -->
    <test started-at="2025-09-15T16:40:39 IST" name="Personal Loan" finished-at="2025-09-15T16:40:39 IST" duration-ms="208">
      <class name="test.day4">
        <test-method is-config="true" signature="prereqquisite()[pri:0, instance:test.day4@2892d68]" started-at="2025-09-15T16:40:39 IST" name="prereqquisite" finished-at="2025-09-15T16:40:39 IST" duration-ms="2" status="PASS">
          <reporter-output>
          </reporter-output>
        </test-method> <!-- prereqquisite -->
        <test-method signature="LoginAPIHomeLoan()[pri:0, instance:test.day4@2892d68]" started-at="2025-09-15T16:40:39 IST" name="LoginAPIHomeLoan" finished-at="2025-09-15T16:40:39 IST" duration-ms="2" status="PASS">
          <reporter-output>
          </reporter-output>
        </test-method> <!-- LoginAPIHomeLoan -->
        <test-method signature="MobileLoginHomeLoan()[pri:0, instance:test.day4@2892d68]" started-at="2025-09-15T16:40:39 IST" name="MobileLoginHomeLoan" finished-at="2025-09-15T16:40:39 IST" duration-ms="5" status="PASS">
          <reporter-output>
          </reporter-output>
        </test-method> <!-- MobileLoginHomeLoan -->
        <test-method signature="WebloginHomeLoan(java.lang.String)[pri:0, instance:test.day4@2892d68]" started-at="2025-09-15T16:40:39 IST" name="WebloginHomeLoan" finished-at="2025-09-15T16:40:39 IST" duration-ms="4" status="PASS">
          <params>
            <param index="0">
              <value>
                <![CDATA[PersonalLoan.com]]>
              </value>
            </param>
          </params>
          <reporter-output>
          </reporter-output>
        </test-method> <!-- WebloginHomeLoan -->
      </class> <!-- test.day4 -->
      <class name="test.day2">
        <test-method signature="good()[pri:0, instance:test.day2@d86a6f]" started-at="2025-09-15T16:40:39 IST" name="good" finished-at="2025-09-15T16:40:39 IST" duration-ms="14" status="PASS">
          <reporter-output>
          </reporter-output>
        </test-method> <!-- good -->
      </class> <!-- test.day2 -->
      <class name="test.day1">
        <test-method signature="demo()[pri:0, instance:test.day1@55a147cc]" started-at="2025-09-15T16:40:39 IST" name="demo" finished-at="2025-09-15T16:40:39 IST" duration-ms="51" status="FAIL">
          <exception class="java.lang.AssertionError">
            <message>
              <![CDATA[expected [true] but found [false]]]>
            </message>
            <full-stacktrace>
              <![CDATA[java.lang.AssertionError: expected [true] but found [false]
at org.testng.Assert.fail(Assert.java:111)
at org.testng.Assert.failNotEquals(Assert.java:1578)
at org.testng.Assert.assertTrue(Assert.java:57)
at org.testng.Assert.assertTrue(Assert.java:67)
at test.day1.demo(day1.java:27)
at java.base/jdk.internal.reflect.NativeMethodAccessorImpl.invoke0(Native Method)
at java.base/jdk.internal.reflect.NativeMethodAccessorImpl.invoke(NativeMethodAccessorImpl.java:77)
at java.base/jdk.internal.reflect.DelegatingMethodAccessorImpl.invoke(DelegatingMethodAccessorImpl.java:43)
at java.base/java.lang.reflect.Method.invoke(Method.java:568)
at org.testng.internal.invokers.MethodInvocationHelper.invokeMethod(MethodInvocationHelper.java:141)
at org.testng.internal.invokers.TestInvoker.invokeMethod(TestInvoker.java:686)
at org.testng.internal.invokers.TestInvoker.invokeTestMethod(TestInvoker.java:230)
at org.testng.internal.invokers.MethodRunner.runInSequence(MethodRunner.java:63)
at org.testng.internal.invokers.TestInvoker$MethodInvocationAgent.invoke(TestInvoker.java:992)
at org.testng.internal.invokers.TestInvoker.invokeTestMethods(TestInvoker.java:203)
at org.testng.internal.invokers.TestMethodWorker.invokeTestMethods(TestMethodWorker.java:154)
at org.testng.internal.invokers.TestMethodWorker.run(TestMethodWorker.java:134)
at java.base/java.util.ArrayList.forEach(ArrayList.java:1511)
at org.testng.TestRunner.privateRun(TestRunner.java:739)
at org.testng.TestRunner.run(TestRunner.java:614)
at org.testng.SuiteRunner.runTest(SuiteRunner.java:421)
at org.testng.SuiteRunner$SuiteWorker.run(SuiteRunner.java:463)
at org.testng.internal.thread.ThreadUtil.lambda$execute$0(ThreadUtil.java:64)
at java.base/java.util.concurrent.FutureTask.run(FutureTask.java:264)
at java.base/java.util.concurrent.ThreadPoolExecutor.runWorker(ThreadPoolExecutor.java:1136)
at java.base/java.util.concurrent.ThreadPoolExecutor$Worker.run(ThreadPoolExecutor.java:635)
at java.base/java.lang.Thread.run(Thread.java:833)
]]>
            </full-stacktrace>
          </exception> <!-- java.lang.AssertionError -->
          <reporter-output>
          </reporter-output>
        </test-method> <!-- demo -->
        <test-method is-config="true" signature="CloseConnection()[pri:0, instance:test.day1@55a147cc]" started-at="2025-09-15T16:40:39 IST" name="CloseConnection" finished-at="2025-09-15T16:40:39 IST" duration-ms="1" status="PASS">
          <reporter-output>
          </reporter-output>
        </test-method> <!-- CloseConnection -->
      </class> <!-- test.day1 -->
    </test> <!-- Personal Loan -->
  </suite> <!-- Load department -->
</testng-results>
