<?xml version="1.0" encoding="UTF-8"?>
<!-- Generated by org.testng.reporters.JUnitReportReporter -->
<testsuite hostname="DESKTOP-9R1L9IU" failures="0" tests="4" name="test.day3" time="0.021" errors="0" timestamp="2025-09-15T16:40:40 IST" skipped="0">
  <testcase classname="test.day3" name="MobileSigninCarLoan" time="0.003"/>
  <testcase classname="test.day3" name="MobileSignOutCarLoan" time="0.005"/>
  <testcase classname="test.day3" name="WebloginCarLoan" time="0.003"/>
  <testcase classname="test.day3" name="MobileLoginCarLoan" time="0.010"/>
</testsuite> <!-- test.day3 -->
