<?xml version="1.0" encoding="UTF-8"?>
<!-- Generated by org.testng.reporters.JUnitReportReporter -->
<testsuite hostname="DESKTOP-9R1L9IU" failures="0" tests="3" name="test.day4" time="0.011" errors="0" timestamp="2025-09-15T16:40:40 IST" skipped="0">
  <testcase classname="test.day4" name="WebloginHomeLoan" time="0.004"/>
  <testcase classname="test.day4" name="LoginAPIHomeLoan" time="0.002"/>
  <testcase classname="test.day4" name="MobileLoginHomeLoan" time="0.005"/>
</testsuite> <!-- test.day4 -->
